           1    -7.52463    -7.52463           0
           2    -7.52302    -7.52382 0.000569322
           3    -7.52256     -7.5234 0.000513075
           4    -7.52172    -7.52298   0.0005303
           5    -7.52456    -7.52329 0.000509322
           6    -7.52054    -7.52284 0.000596724
           7    -7.52238    -7.52277 0.000515032
           8    -7.52228    -7.52271 0.000454274
           9    -7.52223    -7.52266 0.000406907
          10    -7.52229    -7.52262  0.00036788
          11    -7.52178    -7.52254 0.000342252
          12    -7.52447     -7.5227 0.000349294
          13    -7.52179    -7.52263 0.000329365
          14    -7.52274    -7.52264  0.00030592
          15    -7.52404    -7.52273 0.000299422
          16    -7.52052     -7.5226 0.000311127
          17    -7.52368    -7.52266 0.000299246
          18    -7.52134    -7.52259 0.000291449
          19    -7.52327    -7.52262 0.000278325
          20    -7.52299    -7.52264 0.000265033
           1    -5.44349    -5.44349           0
           2    -5.44556    -5.44452 0.000734593
           3    -5.47249    -5.45385  0.00762628
           4    -5.45931    -5.45521  0.00584063
           5    -5.45451    -5.45507  0.00467419
           6    -5.46453    -5.45665  0.00415274
           7    -5.43697    -5.45384  0.00440935
           8    -5.43773    -5.45182   0.0042931
           9    -5.45501    -5.45218  0.00383065
          10      -5.454    -5.45236  0.00345194
          11    -5.45604     -5.4527  0.00315433
          12      -5.455    -5.45289  0.00289729
          13    -5.45698     -5.4532  0.00269148
          14    -5.46111    -5.45377  0.00255776
          15    -5.47067    -5.45489  0.00262368
          16    -5.46103    -5.45528  0.00248762
          17     -5.4569    -5.45537  0.00234312
          18    -5.46316     -5.4558  0.00225254
          19    -5.44786    -5.45539  0.00217244
          20    -5.45845    -5.45554   0.0020692
           1   -0.412414   -0.412414           0
           2   -0.412441   -0.412428 9.58578e-06
           3   -0.428708   -0.417854  0.00443098
           4   -0.426474   -0.420009  0.00381139
           5   -0.458125   -0.427633  0.00746912
           6   -0.443282   -0.430241  0.00666413
           7   -0.422118    -0.42908  0.00581227
           8   -0.435936   -0.429937  0.00514853
           9   -0.475927   -0.435047  0.00664492
          10   -0.441304   -0.435673  0.00600982
          11   -0.406168   -0.432991   0.0060324
          12   -0.387626    -0.42921  0.00660893
          13   -0.406809   -0.427487  0.00632121
          14   -0.423785   -0.427223  0.00587522
          15   -0.405216   -0.425756  0.00566376
          16   -0.410497   -0.424802  0.00538946
          17   -0.470965   -0.427517  0.00571573
          18   -0.388666   -0.425359   0.0057914
          19   -0.383691   -0.423166  0.00588719
          20   -0.397846     -0.4219  0.00572734
