           1     7.72794     7.72794           0
           2     7.72388     7.72591  0.00143565
           3     7.72302     7.72494  0.00123887
           4     7.72728     7.72553  0.00105767
           5       7.723     7.72502 0.000959221
           6     7.73722     7.72706  0.00202011
           7     7.71961     7.72599  0.00199211
           8     7.73159     7.72669  0.00186199
           9     7.72158     7.72612  0.00173953
          10      7.7278     7.72629  0.00157368
          11     7.73047     7.72667   0.0014757
          12     7.71839     7.72598  0.00150561
          13     7.73384     7.72659  0.00150631
          14     7.71955     7.72608  0.00148022
          15     7.72423     7.72596  0.00138669
          16     7.73162     7.72631  0.00134434
          17     7.71975     7.72593   0.0013195
          18      7.7181     7.72549  0.00131593
          19     7.73482     7.72598   0.0013352
          20     7.72786     7.72608  0.00127173
           1     1.53598     1.53598           0
           2     1.46769     1.50183   0.0241435
           3     1.36141     1.45503   0.0414702
           4     1.43764     1.45068   0.0313297
           5     1.41565     1.44367   0.0258353
           6     1.43894     1.44288   0.0215415
           7     1.55573       1.459    0.023742
           8     1.48481     1.46223   0.0209923
           9     1.39958     1.45527   0.0197802
          10     1.43091     1.45283   0.0179516
          11       1.426     1.45039   0.0164845
          12     1.43372       1.449   0.0151692
          13     1.42076     1.44683   0.0141571
          14     1.44506      1.4467   0.0131464
          15     1.37478     1.44191   0.0131152
          16     1.40175      1.4394   0.0125334
          17     1.43845     1.43934   0.0117963
          18     1.45803     1.44038   0.0111865
          19      1.4515     1.44097   0.0106131
          20      1.4395     1.44089   0.0100827
           1   0.0494379   0.0494379           0
           2   0.0475186   0.0484782  0.00067856
           3    0.047449   0.0481352 0.000532084
           4   0.0504493   0.0487137  0.00064053
           5   0.0502036   0.0490117 0.000577591
           6   0.0505925   0.0492751  0.00053807
           7   0.0494049   0.0492937 0.000461522
           8   0.0493053   0.0492951 0.000403834
           9   0.0496733   0.0493371 0.000361143
          10   0.0472963   0.0491331 0.000378325
          11   0.0491119   0.0491311 0.000343936
          12   0.0478284   0.0490226 0.000331966
          13   0.0488099   0.0490062 0.000306833
          14   0.0488403   0.0489944 0.000285145
          15    0.046265   0.0488124  0.00031895
          16    0.048954   0.0488213 0.000299138
          17   0.0487661    0.048818 0.000281559
          18   0.0482318   0.0487854 0.000267794
          19   0.0490972   0.0488018 0.000254202
          20   0.0491756   0.0488205 0.000242178
