3.14101 0
3.13671 0.00429912
3.14105 0.00500325
3.14036 0.00360427
3.14272 0.00365349
3.14334 0.00304617
3.14353 0.00258178
3.1439 0.00226584
3.1445 0.00208614
3.14397 0.00193771
3.14452 0.00183584
3.14329 0.00207987
3.1427 0.00200144
3.14255 0.00185883
3.14221 0.00176325
3.14161 0.00175739
3.1421 0.00172177
3.14212 0.0016235
3.14198 0.00154251
3.14182 0.00147141
3.14308 0.00188212
3.14301 0.00179582
3.14278 0.00173149
3.14295 0.00166676
3.14253 0.00165503
3.1427 0.00159943
3.14268 0.00153918
3.14256 0.00148809
3.14267 0.00143983
3.14277 0.00139528
3.14265 0.00135553
3.14262 0.00131279
3.14275 0.00127948
3.14242 0.00128538
3.14221 0.00126606
3.14213 0.00123259
3.14222 0.00120179
3.14219 0.00117008
3.14218 0.00113975
3.14205 0.00111867
3.14214 0.00109522
3.14201 0.0010772
3.14186 0.00106248
3.14164 0.00106059
3.14169 0.00103797
3.14199 0.00105765
3.1418 0.00105157
3.14164 0.00104233
3.14158 0.00102219
3.14161 0.00100193
3.14147 0.000992193
3.14156 0.000976609
3.14156 0.000958014
3.14151 0.000941443
3.14166 0.000936031
3.1417 0.000919911
3.14161 0.000907299
3.14157 0.000892731
3.14154 0.000877773
3.14167 0.00087258
3.14165 0.000858437
3.14185 0.000866739
3.14177 0.000855954
3.14178 0.000842517
3.14182 0.000830281
3.14197 0.000830788
3.14203 0.000820736
3.14203 0.000808586
3.14205 0.000797242
3.14192 0.000796577
3.14193 0.000785283
3.14206 0.000785732
3.14208 0.000775172
3.14177 0.000826587
3.14188 0.000823553
3.14187 0.00081278
3.14193 0.000804896
3.14174 0.000817658
3.14181 0.000810766
3.14195 0.000812681
3.14202 0.000805597
3.14206 0.00079646
3.14223 0.000804504
3.14224 0.000794945
3.14223 0.000785576
3.14241 0.000796991
3.14243 0.000787969
3.14237 0.00078078
3.14245 0.000775642
3.14264 0.000790319
3.1427 0.000784162
3.14286 0.000790606
3.14281 0.000783352
3.14277 0.000776297
3.14268 0.000772836
3.14269 0.000764767
3.14266 0.000757274
3.14262 0.000750745
3.14262 0.000743125
3.14261 0.000735678
