0.999785 0
0.999838 5.27849e-05
0.999429 0.00041011
0.999601 0.000337229
0.999787 0.000320985
0.999926 0.000296403
0.999909 0.000251061
0.999927 0.000218208
0.999929 0.000192447
0.999954 0.000173997
0.999931 0.000159116
0.999987 0.000155613
1 0.000144115
0.999951 0.000143413
0.999884 0.000149177
0.999924 0.000144977
0.999956 0.000139982
0.999918 0.000137389
0.999928 0.00013031
0.999937 0.000124013
0.999949 0.000118549
0.999993 0.000121079
0.99999 0.000115735
1.00003 0.000117088
1.00001 0.000114304
1.00001 0.000110089
1.00003 0.000107966
1.00002 0.000104729
1.00001 0.00010215
0.999981 0.000102228
0.999963 0.000100591
0.999965 9.74297e-05
0.999977 9.51898e-05
0.999976 9.23505e-05
0.99996 9.12363e-05
0.999981 9.12335e-05
0.99998 8.87419e-05
0.99998 8.63754e-05
0.999982 8.41789e-05
0.999996 8.31723e-05
1 8.12671e-05
1.00001 7.94179e-05
1 7.75582e-05
0.999999 7.59665e-05
0.999998 7.42594e-05
0.999976 7.58829e-05
0.999976 7.42509e-05
0.999967 7.325e-05
0.999973 7.1976e-05
0.999982 7.10976e-05
1 7.3193e-05
0.999993 7.26801e-05
1.00001 7.42904e-05
0.999999 7.43141e-05
1.00001 7.34575e-05
1 7.22309e-05
0.999996 7.14688e-05
1 7.06048e-05
0.999991 7.03808e-05
0.99999 6.92133e-05
0.99998 6.87777e-05
0.999976 6.77683e-05
0.999969 6.70305e-05
0.999984 6.74909e-05
0.999979 6.65941e-05
0.999976 6.56732e-05
0.999977 6.46966e-05
0.999975 6.37775e-05
0.999967 6.32763e-05
0.999966 6.23845e-05
0.999972 6.18556e-05
0.999974 6.10231e-05
0.999972 6.02259e-05
0.999974 5.94411e-05
0.999977 5.87124e-05
0.999979 5.79651e-05
0.999981 5.72513e-05
0.999985 5.66377e-05
0.999991 5.62748e-05
0.999992 5.55825e-05
0.999983 5.56598e-05
0.999993 5.57944e-05
1.00001 5.66024e-05
1.00001 5.62077e-05
1.00002 5.60501e-05
1.00002 5.5396e-05
1.00002 5.50821e-05
1.00001 5.55057e-05
1 5.59638e-05
0.999996 5.57327e-05
0.999991 5.53271e-05
0.999998 5.51286e-05
1 5.49106e-05
0.999997 5.47582e-05
0.999989 5.47622e-05
0.999989 5.41934e-05
0.999998 5.43666e-05
1 5.38582e-05
0.999995 5.35028e-05
0.999999 5.30948e-05
