1  -0.448972  -0.448972  0
2  -0.431946  -0.440459  0.00601953
3  -0.450961  -0.44396  0.00492691
4  -0.444884  -0.444191  0.0037006
5  -0.451425  -0.445638  0.00323093
6  -0.426279  -0.442411  0.00399056
7  -0.442725  -0.442456  0.00342073
8  -0.434576  -0.441471  0.00313176
9  -0.445034  -0.441867  0.0028087
10  -0.439997  -0.44168  0.00253405
11  -0.43545  -0.441113  0.00236613
12  -0.441245  -0.441124  0.00216898
13  -0.45183  -0.441948  0.0021528
14  -0.438458  -0.441699  0.00201341
15  -0.450181  -0.442264  0.00195698
16  -0.449272  -0.442702  0.00188305
17  -0.45132  -0.443209  0.00183925
18  -0.442717  -0.443182  0.00173727
19  -0.453587  -0.44373  0.00173001
20  -0.433594  -0.443223  0.00171613
21  -0.450441  -0.443566  0.00166848
22  -0.436639  -0.443252  0.00162208
23  -0.445379  -0.443344  0.00155419
24  -0.446076  -0.443458  0.00149359
25  -0.439205  -0.443288  0.0014435
26  -0.448336  -0.443482  0.00140098
27  -0.44103  -0.443391  0.00135203
28  -0.451272  -0.443673  0.00133272
29  -0.448615  -0.443843  0.00129761
30  -0.439866  -0.44371  0.00126111
31  -0.43897  -0.443557  0.00122967
32  -0.435366  -0.443301  0.0012176
33  -0.430766  -0.442922  0.00123854
34  -0.455005  -0.443277  0.00125206
35  -0.438819  -0.44315  0.00122275
36  -0.44999  -0.44334  0.00120346
37  -0.451789  -0.443568  0.0011924
38  -0.438139  -0.443425  0.00116955
39  -0.440981  -0.443362  0.00114124
40  -0.436909  -0.443201  0.00112406
41  -0.459518  -0.443599  0.00116496
42  -0.428223  -0.443233  0.00119336
43  -0.434126  -0.443021  0.00118425
44  -0.433824  -0.442812  0.00117564
45  -0.437362  -0.442691  0.00115574
46  -0.450186  -0.442854  0.00114204
47  -0.437197  -0.442734  0.00112406
48  -0.457875  -0.443049  0.00114405
49  -0.447708  -0.443144  0.00112465
50  -0.44087  -0.443099  0.00110308
51  -0.441528  -0.443068  0.00108188
52  -0.436242  -0.442937  0.00106901
53  -0.445309  -0.442981  0.00104977
54  -0.448728  -0.443088  0.00103571
55  -0.441142  -0.443052  0.00101749
56  -0.425426  -0.442738  0.00104687
57  -0.444752  -0.442773  0.0010291
58  -0.462774  -0.443118  0.00106757
59  -0.454946  -0.443318  0.00106814
60  -0.431588  -0.443123  0.00106808
61  -0.453533  -0.443293  0.00106411
62  -0.447818  -0.443366  0.00104945
63  -0.425626  -0.443085  0.0010699
64  -0.441892  -0.443066  0.00105335
65  -0.445881  -0.44311  0.00103803
66  -0.454543  -0.443283  0.00103666
67  -0.423388  -0.442986  0.00106286
68  -0.453716  -0.443144  0.00105888
69  -0.442442  -0.443133  0.00104358
70  -0.446013  -0.443175  0.00102949
71  -0.440397  -0.443135  0.00101573
72  -0.453028  -0.443273  0.00101087
73  -0.42791  -0.443062  0.0010187
74  -0.453104  -0.443198  0.00101393
75  -0.451807  -0.443313  0.00100688
76  -0.445395  -0.44334  0.000994008
77  -0.424724  -0.443098  0.00101007
78  -0.444294  -0.443114  0.00099724
79  -0.437913  -0.443048  0.000986787
80  -0.4469  -0.443096  0.000975626
81  -0.446809  -0.443142  0.000964657
82  -0.442569  -0.443135  0.000952919
83  -0.444988  -0.443157  0.000941699
84  -0.458537  -0.44334  0.000948121
85  -0.444028  -0.443348  0.000937001
86  -0.446215  -0.443382  0.000926698
87  -0.426969  -0.443193  0.000935052
88  -0.443233  -0.443194  0.000924426
89  -0.451634  -0.443288  0.000918891
90  -0.45349  -0.443402  0.000915646
91  -0.432238  -0.443279  0.000913765
92  -0.441666  -0.443262  0.000904001
93  -0.45637  -0.443403  0.000905202
94  -0.420343  -0.443157  0.000928218
95  -0.446554  -0.443193  0.000919135
96  -0.445392  -0.443216  0.000909846
97  -0.445902  -0.443244  0.000900888
98  -0.441188  -0.443223  0.000891939
99  -0.455702  -0.443349  0.000891793
100  -0.431148  -0.443227  0.000891181
