         2.5           1    0.566946     0.02281
       2.375           2    0.621546   0.0239909
     2.25625           3    0.548352   0.0263204
     2.14344           4    0.403654   0.0207306
     2.03627           5    0.231224   0.0186393
     1.93445           6    0.201276   0.0193985
     1.83773           7    0.134361   0.0161486
     1.74584           8   0.0215804   0.0122007
     1.65855           9   0.0668777    0.014653
     1.57562          10   0.0466118   0.0134159
     1.49684          11  -0.0189034   0.0120215
       1.422          12  -0.0217171   0.0124171
      1.3509          13   -0.100527  0.00965625
     1.28336          14   -0.257072  0.00614363
     1.21919          15   -0.228809  0.00772133
     1.15823          16   -0.228236  0.00675126
     1.10032          17   -0.168608  0.00850829
      1.0453          18   -0.142795  0.00971306
    0.993036          19   -0.218835  0.00710652
    0.943384          20   -0.149339  0.00915501
    0.896215          21   -0.149999   0.0103278
    0.851404          22   -0.259188  0.00634581
    0.808834          23   -0.231772  0.00681674
    0.768392          24   -0.193703  0.00738417
    0.729973          25   -0.207647   0.0076902
    0.693474          26   -0.257824  0.00653233
      0.6588          27   -0.255403  0.00629473
     0.62586          28   -0.197727  0.00708918
    0.594567          29  -0.0539809   0.0117365
    0.564839          30   -0.142457   0.0106261
    0.536597          31   -0.225263  0.00714036
    0.509767          32   -0.254912  0.00596963
    0.484279          33   -0.208585  0.00762043
    0.460065          34   -0.199651   0.0076283
    0.437062          35   -0.270163  0.00533714
    0.415208          36   -0.275943  0.00543345
    0.394448          37   -0.266768  0.00528162
    0.374726          38    -0.26907  0.00428227
    0.355989          39   -0.235097  0.00592067
     0.33819          40   -0.262014  0.00565717
     0.32128          41   -0.216897  0.00689883
    0.305216          42   -0.171172  0.00967148
    0.289956          43   -0.136579  0.00959683
    0.275458          44  -0.0606029    0.013055
    0.261685          45  -0.0963098   0.0124958
    0.248601          46  -0.0843902   0.0133967
    0.236171          47    0.023045   0.0134818
    0.224362          48   0.0263695    0.014022
    0.213144          49  -0.0253717   0.0144285
    0.202487          50  -0.0348499   0.0137771
    0.192362          51  -0.0791093   0.0129964
    0.182744          52   -0.112146   0.0114023
    0.173607          53   -0.148761  0.00920154
    0.164927          54    -0.10092   0.0120158
     0.15668          55   -0.131574   0.0106708
    0.148846          56   -0.137202   0.0113144
    0.141404          57   -0.155873  0.00962637
    0.134334          58   -0.161396  0.00956441
    0.127617          59   -0.167457   0.0094503
    0.121236          60   -0.199624  0.00778686
    0.115174          61   -0.215351  0.00778603
    0.109416          62   -0.161783  0.00834928
    0.103945          63   -0.165026  0.00871191
   0.0987477          64   -0.215705  0.00759146
   0.0938103          65   -0.263515  0.00508769
   0.0891198          66   -0.262926  0.00640928
   0.0846638          67   -0.244399  0.00611796
   0.0804306          68    -0.21029  0.00706498
   0.0764091          69   -0.211411  0.00745686
   0.0725887          70    -0.24063  0.00635409
   0.0689592          71   -0.236813  0.00629563
   0.0655113          72   -0.195233  0.00816628
   0.0622357          73   -0.221213  0.00688165
   0.0591239          74   -0.252486  0.00553542
   0.0561677          75   -0.245106  0.00542965
   0.0533593          76   -0.224326  0.00790763
   0.0506914          77   -0.198389  0.00748599
   0.0481568          78   -0.211247  0.00630676
    0.045749          79     -0.1826  0.00795185
   0.0434615          80   -0.241252  0.00494784
   0.0412884          81   -0.253893  0.00586394
    0.039224          82   -0.255411   0.0048942
   0.0372628          83   -0.256407  0.00410439
   0.0353997          84   -0.254332   0.0050726
   0.0336297          85   -0.272519  0.00375789
   0.0319482          86   -0.274505  0.00333655
   0.0303508          87   -0.266269  0.00382476
   0.0288333          88   -0.276354  0.00353961
   0.0273916          89   -0.272197  0.00420021
    0.026022          90   -0.267039  0.00294805
   0.0247209          91   -0.270154  0.00348529
   0.0234849          92    -0.27159  0.00312331
   0.0223106          93   -0.270944  0.00434509
   0.0211951          94   -0.267891  0.00302362
   0.0201353          95   -0.266006  0.00263033
   0.0191286          96    -0.26588  0.00225537
   0.0181721          97   -0.263709  0.00233519
   0.0172635          98   -0.260139  0.00268065
   0.0164004          99   -0.277138  0.00227834
   0.0155803         100   -0.279661  0.00296682
   0.0148013         101    -0.28092  0.00294298
   0.0140613         102   -0.285207  0.00258158
   0.0133582         103   -0.276643  0.00339326
   0.0126903         104    -0.27639  0.00323207
   0.0120558         105   -0.265478  0.00364876
    0.011453         106   -0.262603  0.00316877
   0.0108803         107   -0.269445  0.00387298
   0.0103363         108   -0.255784  0.00473928
   0.0098195         109   -0.249059  0.00529177
  0.00932853         110   -0.247572  0.00455952
   0.0088621         111   -0.242777  0.00540222
  0.00841899         112   -0.261303  0.00479878
  0.00799804         113   -0.262228  0.00434628
  0.00759814         114   -0.266636  0.00353142
  0.00721823         115    -0.25697  0.00299022
  0.00685732         116   -0.255417  0.00272038
  0.00651446         117   -0.252116  0.00382609
  0.00618873         118   -0.256356  0.00292649
   0.0058793         119    -0.25302  0.00298297
  0.00558533         120   -0.248165  0.00323871
  0.00530607         121   -0.266461  0.00378331
  0.00504076         122   -0.265872  0.00382269
  0.00478872         123    -0.27254    0.003026
  0.00454929         124   -0.267998  0.00377725
  0.00432182         125   -0.260654  0.00280953
  0.00410573         126   -0.264548  0.00267003
  0.00390045         127   -0.258165  0.00312319
  0.00370542         128   -0.260622  0.00315467
  0.00352015         129   -0.260704  0.00303059
  0.00334414         130   -0.262233  0.00300194
  0.00317694         131   -0.255605  0.00279038
  0.00301809         132   -0.264135    0.002675
  0.00286719         133   -0.260674  0.00304703
  0.00272383         134   -0.266738  0.00339087
  0.00258764         135   -0.264888  0.00301109
  0.00245825         136    -0.26033  0.00346401
  0.00233534         137   -0.264666  0.00281498
  0.00221857         138    -0.26019   0.0029156
  0.00210765         139   -0.262032  0.00309615
  0.00200226         140   -0.258586  0.00371242
  0.00190215         141   -0.259792  0.00365697
  0.00180704         142   -0.264483  0.00378913
  0.00171669         143   -0.263988  0.00360598
  0.00163086         144   -0.253745  0.00476291
  0.00154931         145      -0.266  0.00371417
  0.00147185         146   -0.256346  0.00481094
  0.00139825         147   -0.260545  0.00445789
  0.00132834         148    -0.25838  0.00548345
  0.00126193         149    -0.25992  0.00522597
  0.00119883         150   -0.261229  0.00490368
  0.00113889         151   -0.261249  0.00557231
  0.00108194         152   -0.266185  0.00477833
  0.00102785         153   -0.265974  0.00452672
 0.000976454         154   -0.279361  0.00364559
 0.000927631         155    -0.30224  0.00293681
 0.000881249         156   -0.313556  0.00270616
 0.000837187         157   -0.318907  0.00262932
 0.000795328         158   -0.320171  0.00306439
 0.000755561         159   -0.322941  0.00236022
 0.000717783         160   -0.333723  0.00200991
 0.000681894         161   -0.330318  0.00196173
 0.000647799         162   -0.332907  0.00206829
 0.000615409         163   -0.341534  0.00187383
 0.000584639         164   -0.343144  0.00176221
 0.000555407         165   -0.361973  0.00153385
 0.000527637         166   -0.365105  0.00165552
 0.000501255         167   -0.363566  0.00164139
 0.000476192         168   -0.365064  0.00189928
 0.000452382         169    -0.36578   0.0017127
 0.000429763         170   -0.380777  0.00195679
 0.000408275         171   -0.381427  0.00189221
 0.000387861         172   -0.399644  0.00137043
 0.000368468         173   -0.411638   0.0014204
 0.000350045         174   -0.433958  0.00112886
 0.000332543         175   -0.435173     0.00114
 0.000315915         176   -0.435717  0.00101067
  0.00030012         177   -0.433189  0.00116607
 0.000285114         178   -0.439558 0.000851414
 0.000270858         179   -0.439434  0.00114215
 0.000257315         180   -0.440322 0.000840435
 0.000244449         181   -0.442891 0.000757779
 0.000232227         182   -0.443313  0.00101447
 0.000220616         183   -0.445352 0.000836683
 0.000209585         184   -0.443386 0.000925762
 0.000199106         185   -0.443294  0.00106543
  0.00018915         186    -0.44378 0.000918982
 0.000179693         187   -0.444229 0.000995015
 0.000170708         188   -0.444851 0.000965255
 0.000162173         189   -0.443498 0.000979939
 0.000154064         190   -0.444421  0.00104111
 0.000146361         191   -0.442988  0.00101097
 0.000139043         192   -0.443565 0.000956617
 0.000132091         193   -0.442275 0.000912054
 0.000125486         194   -0.443871 0.000997751
 0.000119212         195   -0.442531  0.00099845
 0.000113251         196    -0.44389 0.000944583
 0.000107589         197   -0.444438 0.000939893
 0.000102209         198   -0.444826 0.000915339
 9.70988e-05         199   -0.444702 0.000952226
 9.22439e-05         200    -0.44325 0.000963557
 8.76317e-05         201   -0.445163  0.00100364
 8.32501e-05         202   -0.444722 0.000800236
 7.90876e-05         203   -0.443831 0.000876476
 7.51332e-05         204   -0.444699  0.00109245
 7.13765e-05         205   -0.444482 0.000834077
 6.78077e-05         206    -0.44266 0.000884483
 6.44173e-05         207   -0.441081   0.0008697
 6.11965e-05         208   -0.443424  0.00085808
 5.81366e-05         209   -0.442967 0.000967623
 5.52298e-05         210   -0.443334 0.000936552
 5.24683e-05         211   -0.442019 0.000922373
 4.98449e-05         212   -0.445541  0.00101159
 4.73527e-05         213   -0.444811  0.00100939
  4.4985e-05         214   -0.443293  0.00103607
 4.27358e-05         215   -0.444398  0.00106288
  4.0599e-05         216   -0.443732  0.00118727
  3.8569e-05         217   -0.444373  0.00115458
 3.66406e-05         218   -0.444865 0.000998738
 3.48086e-05         219   -0.443702  0.00109414
 3.30681e-05         220   -0.445104  0.00102095
 3.14147e-05         221   -0.445748  0.00100452
  2.9844e-05         222   -0.442389  0.00122397
 2.83518e-05         223   -0.443256  0.00108822
 2.69342e-05         224   -0.445325  0.00119109
 2.55875e-05         225    -0.44335  0.00119347
 2.43081e-05         226   -0.442907  0.00130782
 2.30927e-05         227   -0.444457  0.00114902
 2.19381e-05         228   -0.441627  0.00113707
 2.08412e-05         229   -0.443422   0.0010463
 1.97991e-05         230   -0.443771 0.000993746
 1.88092e-05         231   -0.443673   0.0010651
 1.78687e-05         232   -0.442652  0.00110802
 1.69753e-05         233   -0.446564 0.000977913
 1.61265e-05         234   -0.444628  0.00108111
 1.53202e-05         235   -0.443895 0.000967842
 1.45542e-05         236   -0.443905  0.00103688
 1.38265e-05         237   -0.443228   0.0011859
 1.31351e-05         238   -0.445592 0.000921181
 1.24784e-05         239   -0.444261 0.000994809
 1.18545e-05         240   -0.444086 0.000934122
 1.12617e-05         241   -0.444288  0.00109044
 1.06986e-05         242   -0.444297 0.000865305
 1.01637e-05         243   -0.442745  0.00129494
 9.65553e-06         244   -0.445621 0.000920113
 9.17275e-06         245   -0.444509  0.00106005
 8.71412e-06         246    -0.44381 0.000914248
 8.27841e-06         247   -0.445013 0.000893444
 7.86449e-06         248   -0.443277  0.00115419
 7.47126e-06         249   -0.445287 0.000900581
  7.0977e-06         250   -0.444079  0.00111872
 6.74282e-06         251   -0.443938  0.00111081
 6.40568e-06         252    -0.44294  0.00112706
 6.08539e-06         253   -0.446635 0.000967718
 5.78112e-06         254   -0.441989  0.00104103
 5.49207e-06         255   -0.443484 0.000934717
 5.21746e-06         256   -0.443488  0.00113852
 4.95659e-06         257   -0.444031   0.0010683
 4.70876e-06         258   -0.444327 0.000981913
 4.47332e-06         259   -0.443926  0.00110006
 4.24966e-06         260   -0.444244  0.00105855
 4.03717e-06         261    -0.44408  0.00106506
 3.83531e-06         262    -0.44456 0.000917153
 3.64355e-06         263   -0.443942 0.000989102
 3.46137e-06         264   -0.443146  0.00111382
  3.2883e-06         265   -0.443567  0.00093663
 3.12389e-06         266   -0.446646 0.000892846
 2.96769e-06         267   -0.443881 0.000912439
 2.81931e-06         268   -0.442877 0.000976986
 2.67834e-06         269   -0.443925  0.00103129
 2.54443e-06         270   -0.444886 0.000851623
  2.4172e-06         271   -0.445058 0.000981663
 2.29634e-06         272   -0.443355 0.000989559
 2.18153e-06         273   -0.445896 0.000984065
 2.07245e-06         274   -0.443716  0.00104739
 1.96883e-06         275   -0.444451 0.000877115
 1.87039e-06         276   -0.443703  0.00103303
 1.77687e-06         277   -0.444549  0.00106081
 1.68802e-06         278   -0.444628 0.000810646
 1.60362e-06         279   -0.442231  0.00110326
 1.52344e-06         280   -0.445433  0.00085937
 1.44727e-06         281   -0.443084  0.00112673
 1.37491e-06         282   -0.443763    0.000915
 1.30616e-06         283   -0.444351 0.000915125
 1.24085e-06         284   -0.446538  0.00105305
 1.17881e-06         285   -0.443189 0.000985295
 1.11987e-06         286   -0.441975  0.00105887
 1.06388e-06         287   -0.443409 0.000920174
 1.01068e-06         288   -0.443834 0.000917871
 9.60148e-07         289   -0.443415   0.0011099
 9.12141e-07         290   -0.444742 0.000874581
 8.66534e-07         291   -0.443874 0.000927719
 8.23207e-07         292   -0.443802 0.000912748
 7.82047e-07         293    -0.44616 0.000945331
 7.42944e-07         294   -0.443699  0.00101016
 7.05797e-07         295   -0.444721 0.000930187
 6.70507e-07         296   -0.443542  0.00103526
 6.36982e-07         297   -0.442878  0.00114713
 6.05133e-07         298    -0.44516 0.000785244
 5.74876e-07         299   -0.442498  0.00089491
 5.46132e-07         300   -0.444335 0.000879282
 5.18826e-07         301   -0.443976  0.00091762
 4.92885e-07         302   -0.446252  0.00104165
  4.6824e-07         303   -0.445738 0.000954295
 4.44828e-07         304   -0.445381 0.000908878
 4.22587e-07         305   -0.444005  0.00106778
 4.01458e-07         306   -0.443941 0.000908137
 3.81385e-07         307   -0.441355   0.0012018
 3.62315e-07         308   -0.442627  0.00105991
   3.442e-07         309   -0.443809 0.000988127
  3.2699e-07         310   -0.444692   0.0010752
  3.1064e-07         311   -0.445611 0.000950748
 2.95108e-07         312   -0.443699 0.000997426
 2.80353e-07         313   -0.444153 0.000946016
 2.66335e-07         314   -0.442917  0.00104372
 2.53018e-07         315   -0.444428 0.000967624
 2.40367e-07         316   -0.446018 0.000905587
 2.28349e-07         317   -0.443543 0.000954242
 2.16932e-07         318   -0.444974 0.000890867
 2.06085e-07         319   -0.443733 0.000963761
 1.95781e-07         320   -0.443705 0.000864085
 1.85992e-07         321   -0.444667  0.00105373
 1.76692e-07         322    -0.44431  0.00119014
 1.67858e-07         323   -0.442239  0.00096094
 1.59465e-07         324    -0.44647 0.000909347
 1.51491e-07         325   -0.445417 0.000902673
 1.43917e-07         326   -0.443864   0.0010086
 1.36721e-07         327   -0.444562 0.000844819
 1.29885e-07         328   -0.442521  0.00108681
 1.23391e-07         329   -0.444574  0.00106341
 1.17221e-07         330   -0.443045 0.000905424
  1.1136e-07         331   -0.445782 0.000793068
 1.05792e-07         332   -0.443986  0.00088069
 1.00503e-07         333   -0.443434 0.000941363
 9.54774e-08         334    -0.44359   0.0010509
 9.07035e-08         335   -0.444312 0.000857123
 8.61684e-08         336   -0.445273  0.00101819
 8.18599e-08         337    -0.44458 0.000994097
 7.77669e-08         338   -0.445259 0.000864485
 7.38786e-08         339   -0.443211 0.000947724
 7.01847e-08         340   -0.443184    0.001013
 6.66754e-08         341   -0.444569 0.000947223
 6.33417e-08         342   -0.444269 0.000970657
 6.01746e-08         343   -0.444413 0.000997738
 5.71658e-08         344   -0.444612 0.000868804
 5.43076e-08         345   -0.443376   0.0010769
 5.15922e-08         346   -0.443271 0.000913261
 4.90126e-08         347   -0.444098 0.000824801
 4.65619e-08         348   -0.444481  0.00100708
 4.42338e-08         349   -0.444121 0.000977338
 4.20221e-08         350   -0.445667 0.000896734
  3.9921e-08         351   -0.444032 0.000888158
  3.7925e-08         352   -0.446812 0.000808657
 3.60287e-08         353   -0.443014  0.00102217
 3.42273e-08         354   -0.442035  0.00101079
 3.25159e-08         355   -0.444892  0.00104199
 3.08901e-08         356   -0.445085 0.000953906
 2.93456e-08         357   -0.444315  0.00099221
 2.78784e-08         358   -0.443694  0.00110449
 2.64844e-08         359    -0.44424  0.00107442
 2.51602e-08         360   -0.444806 0.000862494
 2.39022e-08         361   -0.443642 0.000894289
 2.27071e-08         362   -0.444866 0.000736105
 2.15717e-08         363    -0.44529  0.00103576
 2.04932e-08         364   -0.444688 0.000973125
 1.94685e-08         365   -0.445024  0.00105826
 1.84951e-08         366   -0.444294 0.000984788
 1.75703e-08         367   -0.443554 0.000956941
 1.66918e-08         368   -0.443428  0.00106417
 1.58572e-08         369   -0.442903  0.00103103
 1.50643e-08         370   -0.442738  0.00102338
 1.43111e-08         371   -0.443503  0.00123587
 1.35956e-08         372   -0.444552  0.00109575
 1.29158e-08         373   -0.444858 0.000956171
   1.227e-08         374   -0.443376  0.00131115
 1.16565e-08         375    -0.44161  0.00106896
 1.10737e-08         376   -0.443708  0.00110466
   1.052e-08         377   -0.444033 0.000915286
   9.994e-09         378   -0.444356 0.000989906
  9.4943e-09         379    -0.44328 0.000970578
 9.01958e-09         380   -0.442611  0.00106478
  8.5686e-09         381   -0.443483  0.00105435
 8.14017e-09         382    -0.44299   0.0011495
 7.73316e-09         383   -0.443029   0.0011644
 7.34651e-09         384   -0.442142  0.00120719
 6.97918e-09         385   -0.442693  0.00117493
 6.63022e-09         386   -0.443169  0.00107459
 6.29871e-09         387   -0.442334  0.00115701
 5.98378e-09         388   -0.445608  0.00106226
 5.68459e-09         389   -0.444056  0.00105563
 5.40036e-09         390   -0.442751  0.00105648
 5.13034e-09         391   -0.443616  0.00105699
 4.87382e-09         392   -0.442934  0.00121276
 4.63013e-09         393   -0.442763  0.00102384
 4.39862e-09         394   -0.442694  0.00101039
 4.17869e-09         395   -0.443054  0.00110887
 3.96976e-09         396   -0.445484 0.000890733
 3.77127e-09         397   -0.443895  0.00104609
 3.58271e-09         398   -0.443383  0.00082117
 3.40357e-09         399   -0.443738   0.0010465
 3.23339e-09         400   -0.442207  0.00127476
 3.07172e-09         401   -0.442053 0.000945767
 2.91814e-09         402   -0.445193  0.00104911
 2.77223e-09         403   -0.443686  0.00090868
 2.63362e-09         404   -0.443306 0.000976746
 2.50194e-09         405    -0.44308 0.000923911
 2.37684e-09         406   -0.443027  0.00103363
   2.258e-09         407   -0.442283  0.00118223
  2.1451e-09         408   -0.444456  0.00111652
 2.03784e-09         409   -0.444161  0.00128513
 1.93595e-09         410   -0.443204 0.000935507
 1.83915e-09         411   -0.443167 0.000969275
  1.7472e-09         412   -0.444814  0.00112129
 1.65984e-09         413   -0.444067  0.00112558
 1.57684e-09         414   -0.445002 0.000954415
   1.498e-09         415   -0.445569 0.000958708
  1.4231e-09         416   -0.441813  0.00107518
 1.35195e-09         417   -0.443558  0.00101317
 1.28435e-09         418   -0.444165 0.000902932
 1.22013e-09         419   -0.442243  0.00104416
 1.15913e-09         420   -0.443007  0.00112555
 1.10117e-09         421   -0.444805 0.000912159
 1.04611e-09         422   -0.444742  0.00105073
 9.93806e-10         423   -0.441974   0.0010661
 9.44115e-10         424   -0.444418  0.00105736
  8.9691e-10         425   -0.442239  0.00124725
 8.52064e-10         426   -0.443206  0.00103456
 8.09461e-10         427   -0.442708  0.00113664
 7.68988e-10         428   -0.441709  0.00108914
 7.30538e-10         429   -0.442227  0.00104131
 6.94012e-10         430   -0.441863  0.00132965
 6.59311e-10         431   -0.442425  0.00103642
 6.26345e-10         432   -0.445274 0.000881329
 5.95028e-10         433    -0.44382 0.000948336
 5.65277e-10         434   -0.443786 0.000890163
 5.37013e-10         435   -0.442863  0.00115763
 5.10162e-10         436   -0.445549  0.00101432
 4.84654e-10         437   -0.444495  0.00111843
 4.60421e-10         438    -0.44389  0.00116382
   4.374e-10         439   -0.444518 0.000843407
  4.1553e-10         440   -0.446409 0.000941187
 3.94754e-10         441   -0.444274  0.00102733
 3.75016e-10         442   -0.442561  0.00103197
 3.56265e-10         443   -0.445943  0.00101321
 3.38452e-10         444   -0.444545 0.000983939
 3.21529e-10         445   -0.445472   0.0010063
 3.05453e-10         446   -0.444764 0.000935806
  2.9018e-10         447   -0.445005  0.00101498
 2.75671e-10         448   -0.445402 0.000987136
 2.61888e-10         449   -0.445381 0.000920389
 2.48793e-10         450   -0.443335 0.000929338
 2.36354e-10         451   -0.444681 0.000862942
 2.24536e-10         452   -0.443449  0.00093946
 2.13309e-10         453   -0.443791 0.000982056
 2.02644e-10         454    -0.44538 0.000882605
 1.92512e-10         455   -0.443953 0.000912901
 1.82886e-10         456   -0.444243 0.000923237
 1.73742e-10         457   -0.444073  0.00100989
 1.65055e-10         458   -0.445067  0.00122706
 1.56802e-10         459   -0.443131 0.000996433
 1.48962e-10         460     -0.4444   0.0007228
 1.41514e-10         461   -0.445573 0.000821803
 1.34438e-10         462   -0.444043 0.000859541
 1.27716e-10         463   -0.443964 0.000842146
  1.2133e-10         464   -0.444919  0.00103189
 1.15264e-10         465   -0.444221 0.000961649
 1.09501e-10         466   -0.443109 0.000953855
 1.04026e-10         467    -0.44284  0.00102181
