         2.5           1    0.968273    0.996287
       2.375           2    0.934477     1.03396
     2.25625           3     0.94093      1.0131
     2.14344           4    0.909656     1.00142
     2.03627           5    0.916916    0.952481
     1.93445           6    0.927042     0.91813
     1.83773           7    0.896991    0.923369
     1.74584           8    0.895662    0.883289
     1.65855           9     0.91607    0.884422
     1.57562          10     0.91607    0.884422
     1.49684          11     0.91294    0.853603
       1.422          12     0.91294    0.853603
      1.3509          13    0.924156    0.810475
     1.28336          14    0.897355    0.763098
     1.21919          15    0.875893    0.795707
     1.15823          16    0.833745    0.814194
     1.10032          17    0.835666    0.843813
      1.0453          18    0.809366    0.877572
    0.993036          19    0.782842    0.857103
    0.943384          20    0.791914    0.886839
    0.896215          21    0.835755    0.853554
    0.851404          22    0.799842     0.81743
    0.808834          23    0.758106    0.859893
    0.768392          24    0.747758    0.885744
    0.729973          25    0.743241    0.870902
    0.693474          26    0.702092    0.869858
      0.6588          27    0.715466    0.861112
     0.62586          28    0.715334    0.906448
    0.594567          29    0.755647    0.950956
    0.564839          30    0.717587    0.935014
    0.536597          31    0.708422    0.885259
    0.509767          32    0.750726    0.846549
    0.484279          33    0.716756    0.896241
    0.460065          34    0.701844    0.905604
    0.437062          35    0.662443     0.86496
    0.415208          36    0.647639    0.858573
    0.394448          37    0.624896    0.882873
    0.374726          38    0.628725    0.873109
    0.355989          39    0.611236    0.917865
     0.33819          40    0.651264    0.880278
     0.32128          41    0.614757    0.925298
    0.305216          42    0.631592     0.96849
    0.289956          43    0.632316     0.98322
    0.275458          44    0.676336     1.01271
    0.261685          45    0.670558    0.990548
    0.248601          46    0.694759    0.970181
    0.236171          47    0.702218     1.01653
    0.224362          48    0.690331     1.04131
    0.213144          49    0.653368     1.04793
    0.202487          50    0.643669     1.03717
    0.192362          51    0.616642     1.01579
    0.182744          52    0.597738     1.02047
    0.173607          53    0.550409     1.01515
    0.164927          54    0.557241     1.05001
     0.15668          55    0.545853     1.02765
    0.148846          56    0.545853     1.02765
    0.141404          57    0.588647     0.99764
    0.134334          58    0.588647     0.99764
    0.127617          59    0.608475     0.98719
    0.121236          60    0.559278    0.960794
    0.115174          61    0.591741    0.935503
    0.109416          62     0.64102    0.962156
    0.103945          63     0.64102    0.962156
   0.0987477          64    0.620834    0.927533
   0.0938103          65    0.619928       0.897
   0.0891198          66     0.64783    0.864471
   0.0846638          67    0.621972     0.90729
   0.0804306          68     0.61544     0.94398
   0.0764091          69     0.61544     0.94398
   0.0725887          70    0.655276    0.898078
   0.0689592          71    0.655276    0.898078
   0.0655113          72    0.615319    0.944023
   0.0622357          73    0.615319    0.944023
   0.0591239          74    0.575054    0.917548
   0.0561677          75    0.575054    0.917548
   0.0533593          76    0.559251    0.938815
   0.0506914          77     0.56814    0.957582
   0.0481568          78     0.56814    0.957582
    0.045749          79    0.546329     1.00202
   0.0434615          80    0.507844     0.95617
   0.0412884          81    0.479403    0.944898
    0.039224          82    0.479403    0.944898
   0.0372628          83    0.452957     0.91038
   0.0353997          84    0.447158    0.910295
   0.0336297          85    0.447158    0.910295
   0.0319482          86    0.468494    0.868296
   0.0303508          87    0.468494    0.868296
   0.0288333          88    0.477015    0.850219
   0.0273916          89    0.510515    0.886058
    0.026022          90    0.470188    0.869404
   0.0247209          91    0.470188    0.869404
   0.0234849          92    0.470188    0.869404
   0.0223106          93    0.470188    0.869404
   0.0211951          94    0.480305    0.830937
   0.0201353          95    0.497409    0.793553
   0.0191286          96    0.496802     0.75786
   0.0181721          97    0.496802     0.75786
   0.0172635          98    0.496802     0.75786
   0.0164004          99    0.510852    0.788488
   0.0155803         100    0.503734    0.817144
   0.0148013         101    0.503734    0.817144
   0.0140613         102    0.503734    0.817144
   0.0133582         103    0.490064    0.849138
   0.0126903         104    0.490064    0.849138
   0.0120558         105    0.458986    0.855373
    0.011453         106    0.458986    0.855373
   0.0108803         107     0.44298    0.903236
   0.0103363         108    0.474445    0.943635
   0.0098195         109    0.462841    0.930824
  0.00932853         110    0.439852    0.954625
   0.0088621         111    0.439852    0.954625
  0.00841899         112    0.484048    0.913341
  0.00799804         113    0.480259    0.894085
  0.00759814         114    0.442943    0.904847
  0.00721823         115    0.402316    0.860136
  0.00685732         116    0.402316    0.860136
  0.00651446         117    0.402316    0.860136
  0.00618873         118    0.402316    0.860136
   0.0058793         119    0.402316    0.860136
  0.00558533         120    0.402316    0.860136
  0.00530607         121    0.440987    0.885923
  0.00504076         122    0.487931    0.866923
  0.00478872         123    0.482616    0.867059
  0.00454929         124    0.488141    0.867447
  0.00432182         125    0.446506    0.837918
  0.00410573         126    0.446506    0.837918
  0.00390045         127    0.446506    0.837918
  0.00370542         128    0.446506    0.837918
  0.00352015         129    0.446506    0.837918
  0.00334414         130    0.446506    0.837918
  0.00317694         131    0.446506    0.837918
  0.00301809         132    0.446506    0.837918
  0.00286719         133    0.427955    0.876576
  0.00272383         134    0.427955    0.876576
  0.00258764         135    0.427955    0.876576
  0.00245825         136    0.427955    0.876576
  0.00233534         137    0.427955    0.876576
  0.00221857         138    0.427955    0.876576
  0.00210765         139    0.427955    0.876576
  0.00200226         140    0.427955    0.876576
  0.00190215         141    0.403251    0.920354
  0.00180704         142    0.403251    0.920354
  0.00171669         143    0.403251    0.920354
  0.00163086         144    0.403251    0.920354
  0.00154931         145    0.403251    0.920354
  0.00147185         146     0.43407    0.926023
  0.00139825         147    0.483034    0.917348
  0.00132834         148    0.483034    0.917348
  0.00126193         149    0.483034    0.917348
  0.00119883         150    0.496799    0.918615
  0.00113889         151    0.496799    0.918615
  0.00108194         152    0.513772    0.902889
  0.00102785         153    0.513772    0.902889
 0.000976454         154    0.549548    0.860672
 0.000927631         155    0.557508    0.820609
 0.000881249         156    0.598315    0.777667
 0.000837187         157    0.598315    0.777667
 0.000795328         158    0.598315    0.777667
 0.000755561         159    0.598315    0.777667
 0.000717783         160    0.607001    0.735972
 0.000681894         161    0.604391    0.711066
 0.000647799         162    0.604391    0.711066
 0.000615409         163    0.617097    0.675368
 0.000584639         164    0.617097    0.675368
 0.000555407         165    0.640377    0.683317
 0.000527637         166    0.642102    0.667533
 0.000501255         167    0.642102    0.667533
 0.000476192         168    0.642102    0.667533
 0.000452382         169    0.642102    0.667533
 0.000429763         170      0.6762    0.698744
 0.000408275         171      0.6762    0.698744
 0.000387861         172    0.689586    0.660144
 0.000368468         173    0.711105    0.662473
 0.000350045         174     0.75245    0.633806
 0.000332543         175     0.75245    0.633806
 0.000315915         176     0.75245    0.633806
  0.00030012         177     0.75245    0.633806
 0.000285114         178    0.777813    0.592006
 0.000270858         179     0.77304    0.637007
 0.000257315         180    0.777704    0.599192
 0.000244449         181    0.783568    0.604438
 0.000232227         182    0.783568    0.604438
 0.000220616         183    0.793298    0.607341
 0.000209585         184    0.793298    0.607341
 0.000199106         185    0.793298    0.607341
  0.00018915         186    0.793298    0.607341
 0.000179693         187    0.793298    0.607341
 0.000170708         188    0.793298    0.607341
 0.000162173         189    0.793298    0.607341
 0.000154064         190    0.793298    0.607341
 0.000146361         191    0.793298    0.607341
 0.000139043         192    0.793298    0.607341
 0.000132091         193    0.793298    0.607341
 0.000125486         194    0.793298    0.607341
 0.000119212         195    0.793298    0.607341
 0.000113251         196    0.793298    0.607341
 0.000107589         197    0.793298    0.607341
 0.000102209         198    0.793298    0.607341
 9.70988e-05         199    0.793298    0.607341
 9.22439e-05         200    0.793298    0.607341
 8.76317e-05         201    0.793298    0.607341
 8.32501e-05         202    0.793298    0.607341
 7.90876e-05         203    0.793298    0.607341
 7.51332e-05         204    0.793298    0.607341
 7.13765e-05         205    0.793298    0.607341
 6.78077e-05         206    0.780519    0.607548
 6.44173e-05         207    0.780519    0.607548
 6.11965e-05         208    0.780519    0.607548
 5.81366e-05         209    0.780519    0.607548
 5.52298e-05         210    0.780519    0.607548
 5.24683e-05         211    0.780519    0.607548
 4.98449e-05         212    0.802896    0.622831
 4.73527e-05         213    0.802896    0.622831
  4.4985e-05         214    0.802896    0.622831
 4.27358e-05         215    0.802896    0.622831
  4.0599e-05         216    0.802896    0.622831
  3.8569e-05         217    0.802896    0.622831
 3.66406e-05         218    0.802896    0.622831
 3.48086e-05         219    0.802896    0.622831
 3.30681e-05         220    0.802896    0.622831
 3.14147e-05         221    0.802896    0.622831
  2.9844e-05         222    0.802896    0.622831
 2.83518e-05         223    0.802896    0.622831
 2.69342e-05         224    0.802896    0.622831
 2.55875e-05         225    0.802896    0.622831
 2.43081e-05         226    0.802896    0.622831
 2.30927e-05         227    0.802896    0.622831
 2.19381e-05         228    0.802896    0.622831
 2.08412e-05         229    0.802896    0.622831
 1.97991e-05         230    0.802896    0.622831
 1.88092e-05         231    0.802896    0.622831
 1.78687e-05         232    0.802896    0.622831
 1.69753e-05         233    0.796533    0.617421
 1.61265e-05         234    0.793568    0.619241
 1.53202e-05         235    0.793568    0.619241
 1.45542e-05         236    0.793568    0.619241
 1.38265e-05         237    0.793568    0.619241
 1.31351e-05         238    0.793568    0.619241
 1.24784e-05         239    0.793568    0.619241
 1.18545e-05         240    0.793568    0.619241
 1.12617e-05         241    0.793568    0.619241
 1.06986e-05         242    0.793568    0.619241
 1.01637e-05         243    0.793568    0.619241
 9.65553e-06         244    0.793568    0.619241
 9.17275e-06         245    0.793568    0.619241
 8.71412e-06         246    0.793568    0.619241
 8.27841e-06         247    0.793568    0.619241
 7.86449e-06         248    0.793568    0.619241
 7.47126e-06         249    0.793568    0.619241
  7.0977e-06         250    0.793568    0.619241
 6.74282e-06         251    0.793568    0.619241
 6.40568e-06         252    0.793568    0.619241
 6.08539e-06         253    0.793568    0.619241
 5.78112e-06         254    0.793568    0.619241
 5.49207e-06         255    0.793568    0.619241
 5.21746e-06         256    0.793568    0.619241
 4.95659e-06         257    0.793568    0.619241
 4.70876e-06         258    0.793568    0.619241
 4.47332e-06         259    0.793568    0.619241
 4.24966e-06         260    0.793568    0.619241
 4.03717e-06         261    0.793568    0.619241
 3.83531e-06         262    0.799342    0.611173
 3.64355e-06         263    0.799342    0.611173
 3.46137e-06         264    0.799342    0.611173
  3.2883e-06         265    0.799342    0.611173
 3.12389e-06         266    0.799342    0.611173
 2.96769e-06         267    0.799342    0.611173
 2.81931e-06         268    0.799342    0.611173
 2.67834e-06         269    0.799342    0.611173
 2.54443e-06         270    0.799342    0.611173
  2.4172e-06         271    0.799342    0.611173
 2.29634e-06         272    0.799342    0.611173
 2.18153e-06         273    0.799342    0.611173
 2.07245e-06         274    0.799342    0.611173
 1.96883e-06         275    0.799342    0.611173
 1.87039e-06         276    0.799342    0.611173
 1.77687e-06         277    0.799342    0.611173
 1.68802e-06         278    0.799342    0.611173
 1.60362e-06         279    0.799342    0.611173
 1.52344e-06         280    0.799342    0.611173
 1.44727e-06         281    0.799342    0.611173
 1.37491e-06         282    0.799342    0.611173
 1.30616e-06         283    0.799342    0.611173
 1.24085e-06         284    0.799342    0.611173
 1.17881e-06         285    0.799342    0.611173
 1.11987e-06         286    0.799342    0.611173
 1.06388e-06         287    0.799342    0.611173
 1.01068e-06         288    0.799342    0.611173
 9.60148e-07         289    0.799342    0.611173
 9.12141e-07         290    0.799342    0.611173
 8.66534e-07         291    0.799342    0.611173
 8.23207e-07         292    0.799342    0.611173
 7.82047e-07         293    0.799342    0.611173
 7.42944e-07         294    0.799342    0.611173
 7.05797e-07         295    0.799342    0.611173
 6.70507e-07         296    0.799342    0.611173
 6.36982e-07         297    0.799342    0.611173
 6.05133e-07         298    0.799342    0.611173
 5.74876e-07         299    0.799342    0.611173
 5.46132e-07         300    0.799342    0.611173
 5.18826e-07         301    0.799342    0.611173
 4.92885e-07         302    0.799342    0.611173
  4.6824e-07         303    0.799342    0.611173
 4.44828e-07         304    0.799342    0.611173
 4.22587e-07         305    0.799342    0.611173
 4.01458e-07         306    0.799342    0.611173
 3.81385e-07         307    0.799342    0.611173
 3.62315e-07         308    0.799342    0.611173
   3.442e-07         309    0.799342    0.611173
  3.2699e-07         310    0.799342    0.611173
  3.1064e-07         311    0.799342    0.611173
 2.95108e-07         312    0.799342    0.611173
 2.80353e-07         313    0.799342    0.611173
 2.66335e-07         314    0.799342    0.611173
 2.53018e-07         315    0.799342    0.611173
 2.40367e-07         316    0.799342    0.611173
 2.28349e-07         317    0.799342    0.611173
 2.16932e-07         318    0.799342    0.611173
 2.06085e-07         319    0.799342    0.611173
 1.95781e-07         320    0.799342    0.611173
 1.85992e-07         321    0.799342    0.611173
 1.76692e-07         322    0.799342    0.611173
 1.67858e-07         323    0.799342    0.611173
 1.59465e-07         324    0.799342    0.611173
 1.51491e-07         325    0.799342    0.611173
 1.43917e-07         326    0.799342    0.611173
 1.36721e-07         327    0.799342    0.611173
 1.29885e-07         328    0.799342    0.611173
 1.23391e-07         329    0.799342    0.611173
 1.17221e-07         330    0.799342    0.611173
  1.1136e-07         331    0.799342    0.611173
 1.05792e-07         332    0.799342    0.611173
 1.00503e-07         333    0.799342    0.611173
 9.54774e-08         334    0.799342    0.611173
 9.07035e-08         335    0.799342    0.611173
 8.61684e-08         336    0.799342    0.611173
 8.18599e-08         337    0.799342    0.611173
 7.77669e-08         338    0.799342    0.611173
 7.38786e-08         339    0.799342    0.611173
 7.01847e-08         340    0.799342    0.611173
 6.66754e-08         341    0.799342    0.611173
 6.33417e-08         342    0.799342    0.611173
 6.01746e-08         343    0.799342    0.611173
 5.71658e-08         344    0.799342    0.611173
 5.43076e-08         345    0.799342    0.611173
 5.15922e-08         346    0.799342    0.611173
 4.90126e-08         347    0.799342    0.611173
 4.65619e-08         348    0.799342    0.611173
 4.42338e-08         349    0.799342    0.611173
 4.20221e-08         350    0.799342    0.611173
  3.9921e-08         351    0.799342    0.611173
  3.7925e-08         352    0.790146    0.617284
 3.60287e-08         353    0.790146    0.617284
 3.42273e-08         354    0.790146    0.617284
 3.25159e-08         355    0.790146    0.617284
 3.08901e-08         356    0.790146    0.617284
 2.93456e-08         357    0.790146    0.617284
 2.78784e-08         358    0.790146    0.617284
 2.64844e-08         359    0.790146    0.617284
 2.51602e-08         360    0.790146    0.617284
 2.39022e-08         361    0.790146    0.617284
 2.27071e-08         362    0.790146    0.617284
 2.15717e-08         363    0.790146    0.617284
 2.04932e-08         364    0.790146    0.617284
 1.94685e-08         365    0.790146    0.617284
 1.84951e-08         366    0.806529    0.611953
 1.75703e-08         367    0.806529    0.611953
 1.66918e-08         368    0.813994       0.613
 1.58572e-08         369    0.813994       0.613
 1.50643e-08         370    0.813994       0.613
 1.43111e-08         371    0.813994       0.613
 1.35956e-08         372    0.813994       0.613
 1.29158e-08         373    0.813994       0.613
   1.227e-08         374    0.813994       0.613
 1.16565e-08         375    0.813994       0.613
 1.10737e-08         376    0.813994       0.613
   1.052e-08         377    0.813994       0.613
   9.994e-09         378    0.813994       0.613
  9.4943e-09         379    0.813994       0.613
 9.01958e-09         380    0.813994       0.613
  8.5686e-09         381    0.813994       0.613
 8.14017e-09         382    0.813994       0.613
 7.73316e-09         383    0.813994       0.613
 7.34651e-09         384    0.813994       0.613
 6.97918e-09         385    0.813994       0.613
 6.63022e-09         386    0.813994       0.613
 6.29871e-09         387    0.813994       0.613
 5.98378e-09         388    0.813994       0.613
 5.68459e-09         389    0.813994       0.613
 5.40036e-09         390    0.813994       0.613
 5.13034e-09         391    0.813994       0.613
 4.87382e-09         392    0.813994       0.613
 4.63013e-09         393    0.813994       0.613
 4.39862e-09         394    0.813994       0.613
 4.17869e-09         395    0.813994       0.613
 3.96976e-09         396    0.813994       0.613
 3.77127e-09         397    0.813994       0.613
 3.58271e-09         398    0.813994       0.613
 3.40357e-09         399    0.813994       0.613
 3.23339e-09         400    0.813994       0.613
 3.07172e-09         401    0.788302    0.608327
 2.91814e-09         402     0.78371    0.609768
 2.77223e-09         403     0.78371    0.609768
 2.63362e-09         404     0.78371    0.609768
 2.50194e-09         405     0.78371    0.609768
 2.37684e-09         406    0.819791     0.62161
   2.258e-09         407    0.819791     0.62161
  2.1451e-09         408    0.819791     0.62161
 2.03784e-09         409    0.819791     0.62161
 1.93595e-09         410    0.776076    0.611211
 1.83915e-09         411    0.776076    0.611211
  1.7472e-09         412    0.805337    0.610981
 1.65984e-09         413    0.805337    0.610981
 1.57684e-09         414    0.805337    0.610981
   1.498e-09         415    0.784777    0.618634
  1.4231e-09         416    0.784777    0.618634
 1.35195e-09         417    0.784777    0.618634
 1.28435e-09         418    0.784777    0.618634
 1.22013e-09         419    0.784777    0.618634
 1.15913e-09         420    0.784777    0.618634
 1.10117e-09         421    0.784777    0.618634
 1.04611e-09         422    0.784777    0.618634
 9.93806e-10         423    0.784777    0.618634
 9.44115e-10         424    0.784777    0.618634
  8.9691e-10         425    0.778446    0.631472
 8.52064e-10         426    0.778446    0.631472
 8.09461e-10         427    0.778446    0.631472
 7.68988e-10         428    0.783821    0.630067
 7.30538e-10         429    0.783821    0.630067
 6.94012e-10         430    0.783821    0.630067
 6.59311e-10         431    0.783821    0.630067
 6.26345e-10         432    0.799845    0.615805
 5.95028e-10         433    0.799845    0.615805
 5.65277e-10         434    0.799845    0.615805
 5.37013e-10         435    0.799845    0.615805
 5.10162e-10         436    0.799845    0.615805
 4.84654e-10         437    0.799845    0.615805
 4.60421e-10         438    0.799845    0.615805
   4.374e-10         439    0.799845    0.615805
  4.1553e-10         440    0.799845    0.615805
 3.94754e-10         441    0.799845    0.615805
 3.75016e-10         442    0.799845    0.615805
 3.56265e-10         443    0.799845    0.615805
 3.38452e-10         444    0.799845    0.615805
 3.21529e-10         445    0.799845    0.615805
 3.05453e-10         446    0.799845    0.615805
  2.9018e-10         447    0.799845    0.615805
 2.75671e-10         448    0.799845    0.615805
 2.61888e-10         449    0.793966    0.609342
 2.48793e-10         450    0.793966    0.609342
 2.36354e-10         451    0.793966    0.609342
 2.24536e-10         452    0.793966    0.609342
 2.13309e-10         453    0.793966    0.609342
 2.02644e-10         454    0.793966    0.609342
 1.92512e-10         455    0.793966    0.609342
 1.82886e-10         456    0.793966    0.609342
 1.73742e-10         457    0.793966    0.609342
 1.65055e-10         458    0.793966    0.609342
 1.56802e-10         459    0.793966    0.609342
 1.48962e-10         460    0.793966    0.609342
 1.41514e-10         461    0.793966    0.609342
 1.34438e-10         462    0.793966    0.609342
 1.27716e-10         463    0.793966    0.609342
  1.2133e-10         464    0.793966    0.609342
 1.15264e-10         465    0.793966    0.609342
 1.09501e-10         466    0.793966    0.609342
 1.04026e-10         467    0.793966    0.609342
